<?xml version="1.0" encoding="UTF-8"?>
<!-- Generated by org.testng.reporters.JUnitReportReporter -->
<testsuite skipped="0" hostname="admin-PC" name="com.actitime.tests.ValidLoginLogoutTest" tests="1" failures="0" timestamp="28 Jul 2019 08:00:09 GMT" time="58.933" errors="0">
  <testcase name="testValidLoginLogout" time="58.933" classname="com.actitime.tests.ValidLoginLogoutTest"/>
</testsuite> <!-- com.actitime.tests.ValidLoginLogoutTest -->
