<?xml version="1.0" encoding="UTF-8"?>
<!-- Generated by org.testng.reporters.JUnitReportReporter -->
<testsuite skipped="0" hostname="admin-PC" name="com.actitime.tests.InvalidLoginTest" tests="1" failures="0" timestamp="28 Jul 2019 08:00:09 GMT" time="71.168" errors="0">
  <testcase name="testInvalidLogin" time="71.168" classname="com.actitime.tests.InvalidLoginTest"/>
</testsuite> <!-- com.actitime.tests.InvalidLoginTest -->
