<?xml version="1.0" encoding="UTF-8"?>
<!-- Generated by org.testng.reporters.JUnitReportReporter -->
<testsuite skipped="0" hostname="admin-PC" name="com.actitime.tests.DT" tests="1" failures="0" timestamp="22 Apr 2019 07:45:35 GMT" time="1.435" errors="0">
  <testcase name="test" time="1.435" classname="com.actitime.tests.DT"/>
</testsuite> <!-- com.actitime.tests.DT -->
